#
# There is insufficient memory for the Java Runtime Environment to continue.
# Native memory allocation (mmap) failed to map 65536 bytes for Failed to commit metaspace.
# Possible reasons:
#   The system is out of physical RAM or swap space
#   The process is running with CompressedOops enabled, and the Java Heap may be blocking the growth of the native heap
# Possible solutions:
#   Reduce memory load on the system
#   Increase physical memory or swap space
#   Check if swap backing store is full
#   Decrease Java heap size (-Xmx/-Xms)
#   Decrease number of Java threads
#   Decrease Java thread stack sizes (-Xss)
#   Set larger code cache with -XX:ReservedCodeCacheSize=
#   JVM is running with Zero Based Compressed Oops mode in which the Java heap is
#     placed in the first 32GB address space. The Java Heap base address is the
#     maximum limit for the native heap growth. Please use -XX:HeapBaseMinAddress
#     to set the Java Heap base and to place the Java Heap above 32GB virtual address.
# This output file may be truncated or incomplete.
#
#  Out of Memory Error (virtualSpaceNode.cpp:110), pid=12488, tid=9448
#
# JRE version: OpenJDK Runtime Environment JBR-17.0.7+10-829.16-jcef (17.0.7+10) (build 17.0.7+10-b829.16)
# Java VM: OpenJDK 64-Bit Server VM JBR-17.0.7+10-829.16-jcef (17.0.7+10-b829.16, mixed mode, tiered, compressed oops, compressed class ptrs, g1 gc, windows-amd64)
# No core dump will be written. Minidumps are not enabled by default on client versions of Windows
#

---------------  S U M M A R Y ------------

Command Line: git4idea.http.GitAskPassApp Username for 'https://github.com': 

Host: 12th Gen Intel(R) Core(TM) i5-1235U, 12 cores, 15G,  Windows 11 , 64 bit Build 22621 (10.0.22621.3085)
Time: Thu Feb 22 21:20:04 2024  Windows 11 , 64 bit Build 22621 (10.0.22621.3085) elapsed time: 0.222964 seconds (0d 0h 0m 0s)

---------------  T H R E A D  ---------------

Current thread (0x000001e0e7942670):  JavaThread "main" [_thread_in_vm, id=9448, stack(0x000000828c600000,0x000000828c700000)]

Stack: [0x000000828c600000,0x000000828c700000]
Native frames: (J=compiled Java code, j=interpreted, Vv=VM code, C=native code)
V  [jvm.dll+0x683cca]
V  [jvm.dll+0x8424b4]
V  [jvm.dll+0x843cae]
V  [jvm.dll+0x844313]
V  [jvm.dll+0x24ad2f]
V  [jvm.dll+0x83e50b]
V  [jvm.dll+0x628316]
V  [jvm.dll+0x62837a]
V  [jvm.dll+0x62ab9a]
V  [jvm.dll+0x628cb6]
V  [jvm.dll+0x632b87]
V  [jvm.dll+0x1eea7b]
V  [jvm.dll+0x1eefb5]
V  [jvm.dll+0x1ef8d4]
V  [jvm.dll+0x1e4e1c]
V  [jvm.dll+0x54a30d]
V  [jvm.dll+0x1f573b]
V  [jvm.dll+0x7bcc1b]
V  [jvm.dll+0x7be062]
V  [jvm.dll+0x7be398]
V  [jvm.dll+0x2429be]
V  [jvm.dll+0x3860ce]
C  0x000001e0f25fb6ee

Java frames: (J=compiled Java code, j=interpreted, Vv=VM code)
j  sun.security.util.CurveDB.add(Lsun/security/util/KnownOIDs;ILjava/lang/String;Ljava/lang/String;Ljava/lang/String;Ljava/lang/String;Ljava/lang/String;Ljava/lang/String;I)V+109 java.base@17.0.7
j  sun.security.util.CurveDB.<clinit>()V+47 java.base@17.0.7
v  ~StubRoutines::call_stub
j  sun.security.ec.SunEC.putEntries()V+75 jdk.crypto.ec@17.0.7
j  sun.security.ec.SunEC$1.run()Ljava/lang/Void;+4 jdk.crypto.ec@17.0.7
j  sun.security.ec.SunEC$1.run()Ljava/lang/Object;+1 jdk.crypto.ec@17.0.7
j  java.security.AccessController.executePrivileged(Ljava/security/PrivilegedAction;Ljava/security/AccessControlContext;Ljava/lang/Class;)Ljava/lang/Object;+29 java.base@17.0.7
j  java.security.AccessController.doPrivileged(Ljava/security/PrivilegedAction;)Ljava/lang/Object;+5 java.base@17.0.7
j  sun.security.ec.SunEC.<init>()V+19 jdk.crypto.ec@17.0.7
v  ~StubRoutines::call_stub
j  jdk.internal.reflect.NativeConstructorAccessorImpl.newInstance0(Ljava/lang/reflect/Constructor;[Ljava/lang/Object;)Ljava/lang/Object;+0 java.base@17.0.7
j  jdk.internal.reflect.NativeConstructorAccessorImpl.newInstance([Ljava/lang/Object;)Ljava/lang/Object;+118 java.base@17.0.7
j  jdk.internal.reflect.DelegatingConstructorAccessorImpl.newInstance([Ljava/lang/Object;)Ljava/lang/Object;+5 java.base@17.0.7
j  java.lang.reflect.Constructor.newInstanceWithCaller([Ljava/lang/Object;ZLjava/lang/Class;)Ljava/lang/Object;+65 java.base@17.0.7
j  java.lang.reflect.Constructor.newInstance([Ljava/lang/Object;)Ljava/lang/Object;+30 java.base@17.0.7
j  java.util.ServiceLoader$ProviderImpl.newInstance()Ljava/lang/Object;+19 java.base@17.0.7
j  java.util.ServiceLoader$ProviderImpl.get()Ljava/lang/Object;+13 java.base@17.0.7
j  java.util.ServiceLoader$3.next()Ljava/lang/Object;+58 java.base@17.0.7
j  sun.security.jca.ProviderConfig$ProviderLoader.load(Ljava/lang/String;)Ljava/security/Provider;+54 java.base@17.0.7
j  sun.security.jca.ProviderConfig$3.run()Ljava/security/Provider;+44 java.base@17.0.7
j  sun.security.jca.ProviderConfig$3.run()Ljava/lang/Object;+1 java.base@17.0.7
j  java.security.AccessController.executePrivileged(Ljava/security/PrivilegedAction;Ljava/security/AccessControlContext;Ljava/lang/Class;)Ljava/lang/Object;+29 java.base@17.0.7
j  java.security.AccessController.doPrivileged(Ljava/security/PrivilegedAction;)Ljava/lang/Object;+5 java.base@17.0.7
j  sun.security.jca.ProviderConfig.doLoadProvider()Ljava/security/Provider;+8 java.base@17.0.7
j  sun.security.jca.ProviderConfig.getProvider()Ljava/security/Provider;+281 java.base@17.0.7
j  sun.security.jca.ProviderList.getProvider(I)Ljava/security/Provider;+6 java.base@17.0.7
j  sun.security.jca.ProviderList.getService(Ljava/lang/String;Ljava/lang/String;)Ljava/security/Provider$Service;+90 java.base@17.0.7
j  sun.security.jca.GetInstance.getInstance(Ljava/lang/String;Ljava/lang/Class;Ljava/lang/String;)Lsun/security/jca/GetInstance$Instance;+7 java.base@17.0.7
j  javax.net.ssl.SSLContext.getInstance(Ljava/lang/String;)Ljavax/net/ssl/SSLContext;+12 java.base@17.0.7
j  externalApp.ExternalAppUtil.sendIdeRequest(Ljava/lang/String;ILjava/lang/String;Ljava/lang/String;)LexternalApp/ExternalAppUtil$Result;+34
j  git4idea.http.GitAskPassApp.main([Ljava/lang/String;)V+37
v  ~StubRoutines::call_stub

---------------  P R O C E S S  ---------------

Threads class SMR info:
_java_thread_list=0x000001e086aa63a0, length=12, elements={
0x000001e0e7942670, 0x000001e0868d0ad0, 0x000001e0868d1940, 0x000001e0868f6710,
0x000001e0869446d0, 0x000001e086945080, 0x000001e086945a30, 0x000001e08691e2d0,
0x000001e086920650, 0x000001e08694e670, 0x000001e086ac1e50, 0x000001e086ac35c0
}

Java Threads: ( => current thread )
=>0x000001e0e7942670 JavaThread "main" [_thread_in_vm, id=9448, stack(0x000000828c600000,0x000000828c700000)]
  0x000001e0868d0ad0 JavaThread "Reference Handler" daemon [_thread_blocked, id=17096, stack(0x000000828cd00000,0x000000828ce00000)]
  0x000001e0868d1940 JavaThread "Finalizer" daemon [_thread_blocked, id=17464, stack(0x000000828ce00000,0x000000828cf00000)]
  0x000001e0868f6710 JavaThread "Signal Dispatcher" daemon [_thread_blocked, id=13408, stack(0x000000828cf00000,0x000000828d000000)]
  0x000001e0869446d0 JavaThread "Attach Listener" daemon [_thread_blocked, id=548, stack(0x000000828d000000,0x000000828d100000)]
  0x000001e086945080 JavaThread "Service Thread" daemon [_thread_blocked, id=13356, stack(0x000000828d100000,0x000000828d200000)]
  0x000001e086945a30 JavaThread "Monitor Deflation Thread" daemon [_thread_blocked, id=17176, stack(0x000000828d200000,0x000000828d300000)]
  0x000001e08691e2d0 JavaThread "C2 CompilerThread0" daemon [_thread_blocked, id=1052, stack(0x000000828d300000,0x000000828d400000)]
  0x000001e086920650 JavaThread "C1 CompilerThread0" daemon [_thread_blocked, id=764, stack(0x000000828d400000,0x000000828d500000)]
  0x000001e08694e670 JavaThread "Sweeper thread" daemon [_thread_blocked, id=9428, stack(0x000000828d500000,0x000000828d600000)]
  0x000001e086ac1e50 JavaThread "Notification Thread" daemon [_thread_blocked, id=13076, stack(0x000000828d600000,0x000000828d700000)]
  0x000001e086ac35c0 JavaThread "Common-Cleaner" daemon [_thread_blocked, id=18644, stack(0x000000828d800000,0x000000828d900000)]

Other Threads:
  0x000001e0868cdeb0 VMThread "VM Thread" [stack: 0x000000828cc00000,0x000000828cd00000] [id=10220]
  0x000001e086ac3330 WatcherThread [stack: 0x000000828d700000,0x000000828d800000] [id=2000]
  0x000001e0e79abbe0 GCTaskThread "GC Thread#0" [stack: 0x000000828c700000,0x000000828c800000] [id=18652]
  0x000001e0e79bc6b0 ConcurrentGCThread "G1 Main Marker" [stack: 0x000000828c800000,0x000000828c900000] [id=16440]
  0x000001e0e79bd860 ConcurrentGCThread "G1 Conc#0" [stack: 0x000000828c900000,0x000000828ca00000] [id=11872]
  0x000001e0860c5f70 ConcurrentGCThread "G1 Refine#0" [stack: 0x000000828ca00000,0x000000828cb00000] [id=3456]
  0x000001e0e79fe890 ConcurrentGCThread "G1 Service" [stack: 0x000000828cb00000,0x000000828cc00000] [id=5124]

Threads with active compile tasks:

VM state: not at safepoint (normal execution)

VM Mutex/Monitor currently owned by a thread:  ([mutex/lock_event])
[0x000001e0e5868c70] Metaspace_lock - owner thread: 0x000001e0e7942670

Heap address: 0x0000000704600000, size: 4026 MB, Compressed Oops mode: Zero based, Oop shift amount: 3

CDS archive(s) not mapped
Compressed class space mapped at: 0x0000000800000000-0x0000000840000000, reserved size: 1073741824
Narrow klass base: 0x0000000800000000, Narrow klass shift: 0, Narrow klass range: 0x40000000

GC Precious Log:
 CPUs: 12 total, 12 available
 Memory: 16098M
 Large Page Support: Disabled
 NUMA Support: Disabled
 Compressed Oops: Enabled (Zero based)
 Heap Region Size: 2M
 Heap Min Capacity: 8M
 Heap Initial Capacity: 252M
 Heap Max Capacity: 4026M
 Pre-touch: Disabled
 Parallel Workers: 10
 Concurrent Workers: 3
 Concurrent Refinement Workers: 10
 Periodic GC: Disabled

Heap:
 garbage-first heap   total 258048K, used 2048K [0x0000000704600000, 0x0000000800000000)
  region size 2048K, 2 young (4096K), 0 survivors (0K)
 Metaspace       used 6797K, committed 6912K, reserved 1114112K
  class space    used 593K, committed 704K, reserved 1048576K

Heap Regions: E=young(eden), S=young(survivor), O=old, HS=humongous(starts), HC=humongous(continues), CS=collection set, F=free, OA=open archive, CA=closed archive, TAMS=top-at-mark-start (previous, next)
|   0|0x0000000704600000, 0x0000000704600000, 0x0000000704800000|  0%| F|  |TAMS 0x0000000704600000, 0x0000000704600000| Untracked 
|   1|0x0000000704800000, 0x0000000704800000, 0x0000000704a00000|  0%| F|  |TAMS 0x0000000704800000, 0x0000000704800000| Untracked 
|   2|0x0000000704a00000, 0x0000000704a00000, 0x0000000704c00000|  0%| F|  |TAMS 0x0000000704a00000, 0x0000000704a00000| Untracked 
|   3|0x0000000704c00000, 0x0000000704c00000, 0x0000000704e00000|  0%| F|  |TAMS 0x0000000704c00000, 0x0000000704c00000| Untracked 
|   4|0x0000000704e00000, 0x0000000704e00000, 0x0000000705000000|  0%| F|  |TAMS 0x0000000704e00000, 0x0000000704e00000| Untracked 
|   5|0x0000000705000000, 0x0000000705000000, 0x0000000705200000|  0%| F|  |TAMS 0x0000000705000000, 0x0000000705000000| Untracked 
|   6|0x0000000705200000, 0x0000000705200000, 0x0000000705400000|  0%| F|  |TAMS 0x0000000705200000, 0x0000000705200000| Untracked 
|   7|0x0000000705400000, 0x0000000705400000, 0x0000000705600000|  0%| F|  |TAMS 0x0000000705400000, 0x0000000705400000| Untracked 
|   8|0x0000000705600000, 0x0000000705600000, 0x0000000705800000|  0%| F|  |TAMS 0x0000000705600000, 0x0000000705600000| Untracked 
|   9|0x0000000705800000, 0x0000000705800000, 0x0000000705a00000|  0%| F|  |TAMS 0x0000000705800000, 0x0000000705800000| Untracked 
|  10|0x0000000705a00000, 0x0000000705a00000, 0x0000000705c00000|  0%| F|  |TAMS 0x0000000705a00000, 0x0000000705a00000| Untracked 
|  11|0x0000000705c00000, 0x0000000705c00000, 0x0000000705e00000|  0%| F|  |TAMS 0x0000000705c00000, 0x0000000705c00000| Untracked 
|  12|0x0000000705e00000, 0x0000000705e00000, 0x0000000706000000|  0%| F|  |TAMS 0x0000000705e00000, 0x0000000705e00000| Untracked 
|  13|0x0000000706000000, 0x0000000706000000, 0x0000000706200000|  0%| F|  |TAMS 0x0000000706000000, 0x0000000706000000| Untracked 
|  14|0x0000000706200000, 0x0000000706200000, 0x0000000706400000|  0%| F|  |TAMS 0x0000000706200000, 0x0000000706200000| Untracked 
|  15|0x0000000706400000, 0x0000000706400000, 0x0000000706600000|  0%| F|  |TAMS 0x0000000706400000, 0x0000000706400000| Untracked 
|  16|0x0000000706600000, 0x0000000706600000, 0x0000000706800000|  0%| F|  |TAMS 0x0000000706600000, 0x0000000706600000| Untracked 
|  17|0x0000000706800000, 0x0000000706800000, 0x0000000706a00000|  0%| F|  |TAMS 0x0000000706800000, 0x0000000706800000| Untracked 
|  18|0x0000000706a00000, 0x0000000706a00000, 0x0000000706c00000|  0%| F|  |TAMS 0x0000000706a00000, 0x0000000706a00000| Untracked 
|  19|0x0000000706c00000, 0x0000000706c00000, 0x0000000706e00000|  0%| F|  |TAMS 0x0000000706c00000, 0x0000000706c00000| Untracked 
|  20|0x0000000706e00000, 0x0000000706e00000, 0x0000000707000000|  0%| F|  |TAMS 0x0000000706e00000, 0x0000000706e00000| Untracked 
|  21|0x0000000707000000, 0x0000000707000000, 0x0000000707200000|  0%| F|  |TAMS 0x0000000707000000, 0x0000000707000000| Untracked 
|  22|0x0000000707200000, 0x0000000707200000, 0x0000000707400000|  0%| F|  |TAMS 0x0000000707200000, 0x0000000707200000| Untracked 
|  23|0x0000000707400000, 0x0000000707400000, 0x0000000707600000|  0%| F|  |TAMS 0x0000000707400000, 0x0000000707400000| Untracked 
|  24|0x0000000707600000, 0x0000000707600000, 0x0000000707800000|  0%| F|  |TAMS 0x0000000707600000, 0x0000000707600000| Untracked 
|  25|0x0000000707800000, 0x0000000707800000, 0x0000000707a00000|  0%| F|  |TAMS 0x0000000707800000, 0x0000000707800000| Untracked 
|  26|0x0000000707a00000, 0x0000000707a00000, 0x0000000707c00000|  0%| F|  |TAMS 0x0000000707a00000, 0x0000000707a00000| Untracked 
|  27|0x0000000707c00000, 0x0000000707c00000, 0x0000000707e00000|  0%| F|  |TAMS 0x0000000707c00000, 0x0000000707c00000| Untracked 
|  28|0x0000000707e00000, 0x0000000707e00000, 0x0000000708000000|  0%| F|  |TAMS 0x0000000707e00000, 0x0000000707e00000| Untracked 
|  29|0x0000000708000000, 0x0000000708000000, 0x0000000708200000|  0%| F|  |TAMS 0x0000000708000000, 0x0000000708000000| Untracked 
|  30|0x0000000708200000, 0x0000000708200000, 0x0000000708400000|  0%| F|  |TAMS 0x0000000708200000, 0x0000000708200000| Untracked 
|  31|0x0000000708400000, 0x0000000708400000, 0x0000000708600000|  0%| F|  |TAMS 0x0000000708400000, 0x0000000708400000| Untracked 
|  32|0x0000000708600000, 0x0000000708600000, 0x0000000708800000|  0%| F|  |TAMS 0x0000000708600000, 0x0000000708600000| Untracked 
|  33|0x0000000708800000, 0x0000000708800000, 0x0000000708a00000|  0%| F|  |TAMS 0x0000000708800000, 0x0000000708800000| Untracked 
|  34|0x0000000708a00000, 0x0000000708a00000, 0x0000000708c00000|  0%| F|  |TAMS 0x0000000708a00000, 0x0000000708a00000| Untracked 
|  35|0x0000000708c00000, 0x0000000708c00000, 0x0000000708e00000|  0%| F|  |TAMS 0x0000000708c00000, 0x0000000708c00000| Untracked 
|  36|0x0000000708e00000, 0x0000000708e00000, 0x0000000709000000|  0%| F|  |TAMS 0x0000000708e00000, 0x0000000708e00000| Untracked 
|  37|0x0000000709000000, 0x0000000709000000, 0x0000000709200000|  0%| F|  |TAMS 0x0000000709000000, 0x0000000709000000| Untracked 
|  38|0x0000000709200000, 0x0000000709200000, 0x0000000709400000|  0%| F|  |TAMS 0x0000000709200000, 0x0000000709200000| Untracked 
|  39|0x0000000709400000, 0x0000000709400000, 0x0000000709600000|  0%| F|  |TAMS 0x0000000709400000, 0x0000000709400000| Untracked 
|  40|0x0000000709600000, 0x0000000709600000, 0x0000000709800000|  0%| F|  |TAMS 0x0000000709600000, 0x0000000709600000| Untracked 
|  41|0x0000000709800000, 0x0000000709800000, 0x0000000709a00000|  0%| F|  |TAMS 0x0000000709800000, 0x0000000709800000| Untracked 
|  42|0x0000000709a00000, 0x0000000709a00000, 0x0000000709c00000|  0%| F|  |TAMS 0x0000000709a00000, 0x0000000709a00000| Untracked 
|  43|0x0000000709c00000, 0x0000000709c00000, 0x0000000709e00000|  0%| F|  |TAMS 0x0000000709c00000, 0x0000000709c00000| Untracked 
|  44|0x0000000709e00000, 0x0000000709e00000, 0x000000070a000000|  0%| F|  |TAMS 0x0000000709e00000, 0x0000000709e00000| Untracked 
|  45|0x000000070a000000, 0x000000070a000000, 0x000000070a200000|  0%| F|  |TAMS 0x000000070a000000, 0x000000070a000000| Untracked 
|  46|0x000000070a200000, 0x000000070a200000, 0x000000070a400000|  0%| F|  |TAMS 0x000000070a200000, 0x000000070a200000| Untracked 
|  47|0x000000070a400000, 0x000000070a400000, 0x000000070a600000|  0%| F|  |TAMS 0x000000070a400000, 0x000000070a400000| Untracked 
|  48|0x000000070a600000, 0x000000070a600000, 0x000000070a800000|  0%| F|  |TAMS 0x000000070a600000, 0x000000070a600000| Untracked 
|  49|0x000000070a800000, 0x000000070a800000, 0x000000070aa00000|  0%| F|  |TAMS 0x000000070a800000, 0x000000070a800000| Untracked 
|  50|0x000000070aa00000, 0x000000070aa00000, 0x000000070ac00000|  0%| F|  |TAMS 0x000000070aa00000, 0x000000070aa00000| Untracked 
|  51|0x000000070ac00000, 0x000000070ac00000, 0x000000070ae00000|  0%| F|  |TAMS 0x000000070ac00000, 0x000000070ac00000| Untracked 
|  52|0x000000070ae00000, 0x000000070ae00000, 0x000000070b000000|  0%| F|  |TAMS 0x000000070ae00000, 0x000000070ae00000| Untracked 
|  53|0x000000070b000000, 0x000000070b000000, 0x000000070b200000|  0%| F|  |TAMS 0x000000070b000000, 0x000000070b000000| Untracked 
|  54|0x000000070b200000, 0x000000070b200000, 0x000000070b400000|  0%| F|  |TAMS 0x000000070b200000, 0x000000070b200000| Untracked 
|  55|0x000000070b400000, 0x000000070b400000, 0x000000070b600000|  0%| F|  |TAMS 0x000000070b400000, 0x000000070b400000| Untracked 
|  56|0x000000070b600000, 0x000000070b600000, 0x000000070b800000|  0%| F|  |TAMS 0x000000070b600000, 0x000000070b600000| Untracked 
|  57|0x000000070b800000, 0x000000070b800000, 0x000000070ba00000|  0%| F|  |TAMS 0x000000070b800000, 0x000000070b800000| Untracked 
|  58|0x000000070ba00000, 0x000000070ba00000, 0x000000070bc00000|  0%| F|  |TAMS 0x000000070ba00000, 0x000000070ba00000| Untracked 
|  59|0x000000070bc00000, 0x000000070bc00000, 0x000000070be00000|  0%| F|  |TAMS 0x000000070bc00000, 0x000000070bc00000| Untracked 
|  60|0x000000070be00000, 0x000000070be00000, 0x000000070c000000|  0%| F|  |TAMS 0x000000070be00000, 0x000000070be00000| Untracked 
|  61|0x000000070c000000, 0x000000070c000000, 0x000000070c200000|  0%| F|  |TAMS 0x000000070c000000, 0x000000070c000000| Untracked 
|  62|0x000000070c200000, 0x000000070c200000, 0x000000070c400000|  0%| F|  |TAMS 0x000000070c200000, 0x000000070c200000| Untracked 
|  63|0x000000070c400000, 0x000000070c400000, 0x000000070c600000|  0%| F|  |TAMS 0x000000070c400000, 0x000000070c400000| Untracked 
|  64|0x000000070c600000, 0x000000070c600000, 0x000000070c800000|  0%| F|  |TAMS 0x000000070c600000, 0x000000070c600000| Untracked 
|  65|0x000000070c800000, 0x000000070c800000, 0x000000070ca00000|  0%| F|  |TAMS 0x000000070c800000, 0x000000070c800000| Untracked 
|  66|0x000000070ca00000, 0x000000070ca00000, 0x000000070cc00000|  0%| F|  |TAMS 0x000000070ca00000, 0x000000070ca00000| Untracked 
|  67|0x000000070cc00000, 0x000000070cc00000, 0x000000070ce00000|  0%| F|  |TAMS 0x000000070cc00000, 0x000000070cc00000| Untracked 
|  68|0x000000070ce00000, 0x000000070ce00000, 0x000000070d000000|  0%| F|  |TAMS 0x000000070ce00000, 0x000000070ce00000| Untracked 
|  69|0x000000070d000000, 0x000000070d000000, 0x000000070d200000|  0%| F|  |TAMS 0x000000070d000000, 0x000000070d000000| Untracked 
|  70|0x000000070d200000, 0x000000070d200000, 0x000000070d400000|  0%| F|  |TAMS 0x000000070d200000, 0x000000070d200000| Untracked 
|  71|0x000000070d400000, 0x000000070d400000, 0x000000070d600000|  0%| F|  |TAMS 0x000000070d400000, 0x000000070d400000| Untracked 
|  72|0x000000070d600000, 0x000000070d600000, 0x000000070d800000|  0%| F|  |TAMS 0x000000070d600000, 0x000000070d600000| Untracked 
|  73|0x000000070d800000, 0x000000070d800000, 0x000000070da00000|  0%| F|  |TAMS 0x000000070d800000, 0x000000070d800000| Untracked 
|  74|0x000000070da00000, 0x000000070da00000, 0x000000070dc00000|  0%| F|  |TAMS 0x000000070da00000, 0x000000070da00000| Untracked 
|  75|0x000000070dc00000, 0x000000070dc00000, 0x000000070de00000|  0%| F|  |TAMS 0x000000070dc00000, 0x000000070dc00000| Untracked 
|  76|0x000000070de00000, 0x000000070de00000, 0x000000070e000000|  0%| F|  |TAMS 0x000000070de00000, 0x000000070de00000| Untracked 
|  77|0x000000070e000000, 0x000000070e000000, 0x000000070e200000|  0%| F|  |TAMS 0x000000070e000000, 0x000000070e000000| Untracked 
|  78|0x000000070e200000, 0x000000070e200000, 0x000000070e400000|  0%| F|  |TAMS 0x000000070e200000, 0x000000070e200000| Untracked 
|  79|0x000000070e400000, 0x000000070e400000, 0x000000070e600000|  0%| F|  |TAMS 0x000000070e400000, 0x000000070e400000| Untracked 
|  80|0x000000070e600000, 0x000000070e600000, 0x000000070e800000|  0%| F|  |TAMS 0x000000070e600000, 0x000000070e600000| Untracked 
|  81|0x000000070e800000, 0x000000070e800000, 0x000000070ea00000|  0%| F|  |TAMS 0x000000070e800000, 0x000000070e800000| Untracked 
|  82|0x000000070ea00000, 0x000000070ea00000, 0x000000070ec00000|  0%| F|  |TAMS 0x000000070ea00000, 0x000000070ea00000| Untracked 
|  83|0x000000070ec00000, 0x000000070ec00000, 0x000000070ee00000|  0%| F|  |TAMS 0x000000070ec00000, 0x000000070ec00000| Untracked 
|  84|0x000000070ee00000, 0x000000070ee00000, 0x000000070f000000|  0%| F|  |TAMS 0x000000070ee00000, 0x000000070ee00000| Untracked 
|  85|0x000000070f000000, 0x000000070f000000, 0x000000070f200000|  0%| F|  |TAMS 0x000000070f000000, 0x000000070f000000| Untracked 
|  86|0x000000070f200000, 0x000000070f200000, 0x000000070f400000|  0%| F|  |TAMS 0x000000070f200000, 0x000000070f200000| Untracked 
|  87|0x000000070f400000, 0x000000070f400000, 0x000000070f600000|  0%| F|  |TAMS 0x000000070f400000, 0x000000070f400000| Untracked 
|  88|0x000000070f600000, 0x000000070f600000, 0x000000070f800000|  0%| F|  |TAMS 0x000000070f600000, 0x000000070f600000| Untracked 
|  89|0x000000070f800000, 0x000000070f800000, 0x000000070fa00000|  0%| F|  |TAMS 0x000000070f800000, 0x000000070f800000| Untracked 
|  90|0x000000070fa00000, 0x000000070fa00000, 0x000000070fc00000|  0%| F|  |TAMS 0x000000070fa00000, 0x000000070fa00000| Untracked 
|  91|0x000000070fc00000, 0x000000070fc00000, 0x000000070fe00000|  0%| F|  |TAMS 0x000000070fc00000, 0x000000070fc00000| Untracked 
|  92|0x000000070fe00000, 0x000000070fe00000, 0x0000000710000000|  0%| F|  |TAMS 0x000000070fe00000, 0x000000070fe00000| Untracked 
|  93|0x0000000710000000, 0x0000000710000000, 0x0000000710200000|  0%| F|  |TAMS 0x0000000710000000, 0x0000000710000000| Untracked 
|  94|0x0000000710200000, 0x0000000710200000, 0x0000000710400000|  0%| F|  |TAMS 0x0000000710200000, 0x0000000710200000| Untracked 
|  95|0x0000000710400000, 0x0000000710400000, 0x0000000710600000|  0%| F|  |TAMS 0x0000000710400000, 0x0000000710400000| Untracked 
|  96|0x0000000710600000, 0x0000000710600000, 0x0000000710800000|  0%| F|  |TAMS 0x0000000710600000, 0x0000000710600000| Untracked 
|  97|0x0000000710800000, 0x0000000710800000, 0x0000000710a00000|  0%| F|  |TAMS 0x0000000710800000, 0x0000000710800000| Untracked 
|  98|0x0000000710a00000, 0x0000000710a00000, 0x0000000710c00000|  0%| F|  |TAMS 0x0000000710a00000, 0x0000000710a00000| Untracked 
|  99|0x0000000710c00000, 0x0000000710c00000, 0x0000000710e00000|  0%| F|  |TAMS 0x0000000710c00000, 0x0000000710c00000| Untracked 
| 100|0x0000000710e00000, 0x0000000710e00000, 0x0000000711000000|  0%| F|  |TAMS 0x0000000710e00000, 0x0000000710e00000| Untracked 
| 101|0x0000000711000000, 0x0000000711000000, 0x0000000711200000|  0%| F|  |TAMS 0x0000000711000000, 0x0000000711000000| Untracked 
| 102|0x0000000711200000, 0x0000000711200000, 0x0000000711400000|  0%| F|  |TAMS 0x0000000711200000, 0x0000000711200000| Untracked 
| 103|0x0000000711400000, 0x0000000711400000, 0x0000000711600000|  0%| F|  |TAMS 0x0000000711400000, 0x0000000711400000| Untracked 
| 104|0x0000000711600000, 0x0000000711600000, 0x0000000711800000|  0%| F|  |TAMS 0x0000000711600000, 0x0000000711600000| Untracked 
| 105|0x0000000711800000, 0x0000000711800000, 0x0000000711a00000|  0%| F|  |TAMS 0x0000000711800000, 0x0000000711800000| Untracked 
| 106|0x0000000711a00000, 0x0000000711a00000, 0x0000000711c00000|  0%| F|  |TAMS 0x0000000711a00000, 0x0000000711a00000| Untracked 
| 107|0x0000000711c00000, 0x0000000711c00000, 0x0000000711e00000|  0%| F|  |TAMS 0x0000000711c00000, 0x0000000711c00000| Untracked 
| 108|0x0000000711e00000, 0x0000000711e00000, 0x0000000712000000|  0%| F|  |TAMS 0x0000000711e00000, 0x0000000711e00000| Untracked 
| 109|0x0000000712000000, 0x0000000712000000, 0x0000000712200000|  0%| F|  |TAMS 0x0000000712000000, 0x0000000712000000| Untracked 
| 110|0x0000000712200000, 0x0000000712200000, 0x0000000712400000|  0%| F|  |TAMS 0x0000000712200000, 0x0000000712200000| Untracked 
| 111|0x0000000712400000, 0x0000000712400000, 0x0000000712600000|  0%| F|  |TAMS 0x0000000712400000, 0x0000000712400000| Untracked 
| 112|0x0000000712600000, 0x0000000712600000, 0x0000000712800000|  0%| F|  |TAMS 0x0000000712600000, 0x0000000712600000| Untracked 
| 113|0x0000000712800000, 0x0000000712800000, 0x0000000712a00000|  0%| F|  |TAMS 0x0000000712800000, 0x0000000712800000| Untracked 
| 114|0x0000000712a00000, 0x0000000712a00000, 0x0000000712c00000|  0%| F|  |TAMS 0x0000000712a00000, 0x0000000712a00000| Untracked 
| 115|0x0000000712c00000, 0x0000000712c00000, 0x0000000712e00000|  0%| F|  |TAMS 0x0000000712c00000, 0x0000000712c00000| Untracked 
| 116|0x0000000712e00000, 0x0000000712e00000, 0x0000000713000000|  0%| F|  |TAMS 0x0000000712e00000, 0x0000000712e00000| Untracked 
| 117|0x0000000713000000, 0x0000000713000000, 0x0000000713200000|  0%| F|  |TAMS 0x0000000713000000, 0x0000000713000000| Untracked 
| 118|0x0000000713200000, 0x0000000713200000, 0x0000000713400000|  0%| F|  |TAMS 0x0000000713200000, 0x0000000713200000| Untracked 
| 119|0x0000000713400000, 0x0000000713400000, 0x0000000713600000|  0%| F|  |TAMS 0x0000000713400000, 0x0000000713400000| Untracked 
| 120|0x0000000713600000, 0x0000000713600000, 0x0000000713800000|  0%| F|  |TAMS 0x0000000713600000, 0x0000000713600000| Untracked 
| 121|0x0000000713800000, 0x0000000713800000, 0x0000000713a00000|  0%| F|  |TAMS 0x0000000713800000, 0x0000000713800000| Untracked 
| 122|0x0000000713a00000, 0x0000000713a00000, 0x0000000713c00000|  0%| F|  |TAMS 0x0000000713a00000, 0x0000000713a00000| Untracked 
| 123|0x0000000713c00000, 0x0000000713c00000, 0x0000000713e00000|  0%| F|  |TAMS 0x0000000713c00000, 0x0000000713c00000| Untracked 
| 124|0x0000000713e00000, 0x0000000713e71258, 0x0000000714000000| 22%| E|  |TAMS 0x0000000713e00000, 0x0000000713e00000| Complete 
| 125|0x0000000714000000, 0x0000000714200000, 0x0000000714200000|100%| E|CS|TAMS 0x0000000714000000, 0x0000000714000000| Complete 

Card table byte_map: [0x000001e0fadf0000,0x000001e0fb5d0000] _byte_map_base: 0x000001e0f75cd000

Marking Bits (Prev, Next): (CMBitMap*) 0x000001e0e79ac1f0, (CMBitMap*) 0x000001e0e79ac230
 Prev Bits: [0x000001e0fbdb0000, 0x000001e0ffc98000)
 Next Bits: [0x000001e080000000, 0x000001e083ee8000)

Polling page: 0x000001e0e5760000

Metaspace:

Usage:
  Non-class:      6.06 MB used.
      Class:    593.90 KB used.
       Both:      6.64 MB used.

Virtual space:
  Non-class space:       64.00 MB reserved,       6.06 MB (  9%) committed,  1 nodes.
      Class space:        1.00 GB reserved,     704.00 KB ( <1%) committed,  1 nodes.
             Both:        1.06 GB reserved,       6.75 MB ( <1%) committed. 

Chunk freelists:
   Non-Class:  9.00 MB
       Class:  15.25 MB
        Both:  24.25 MB

MaxMetaspaceSize: unlimited
CompressedClassSpaceSize: 1.00 GB
Initial GC threshold: 21.00 MB
Current GC threshold: 21.00 MB
CDS: off
MetaspaceReclaimPolicy: balanced
 - commit_granule_bytes: 65536.
 - commit_granule_words: 8192.
 - virtual_space_node_default_size: 8388608.
 - enlarge_chunks_in_place: 1.
 - new_chunks_are_fully_committed: 0.
 - uncommit_free_chunks: 1.
 - use_allocation_guard: 0.
 - handle_deallocations: 1.


Internal statistics:

num_allocs_failed_limit: 0.
num_arena_births: 6.
num_arena_deaths: 0.
num_vsnodes_births: 2.
num_vsnodes_deaths: 0.
num_space_committed: 108.
num_space_uncommitted: 0.
num_chunks_returned_to_freelist: 0.
num_chunks_taken_from_freelist: 25.
num_chunk_merges: 0.
num_chunk_splits: 10.
num_chunks_enlarged: 4.
num_inconsistent_stats: 0.

CodeHeap 'non-profiled nmethods': size=120000Kb used=34Kb max_used=34Kb free=119966Kb
 bounds [0x000001e0f2b80000, 0x000001e0f2df0000, 0x000001e0fa0b0000]
CodeHeap 'profiled nmethods': size=120000Kb used=211Kb max_used=211Kb free=119788Kb
 bounds [0x000001e0eb0b0000, 0x000001e0eb320000, 0x000001e0f25e0000]
CodeHeap 'non-nmethods': size=5760Kb used=1118Kb max_used=1130Kb free=4641Kb
 bounds [0x000001e0f25e0000, 0x000001e0f2850000, 0x000001e0f2b80000]
 total_blobs=552 nmethods=154 adapters=311
 compilation: enabled
              stopped_count=0, restarted_count=0
 full_count=0

Compilation events (20 events):
Event: 0.200 Thread 0x000001e08691e2d0  141       4       java.lang.StringLatin1::canEncode (13 bytes)
Event: 0.201 Thread 0x000001e08691e2d0 nmethod 141 0x000001e0f2b87590 code [0x000001e0f2b87700, 0x000001e0f2b87778]
Event: 0.205 Thread 0x000001e086920650  146       3       java.lang.ref.Reference::reachabilityFence (1 bytes)
Event: 0.205 Thread 0x000001e086920650 nmethod 146 0x000001e0eb0e1690 code [0x000001e0eb0e1820, 0x000001e0eb0e1918]
Event: 0.206 Thread 0x000001e086920650  147       3       java.lang.String::substring (58 bytes)
Event: 0.207 Thread 0x000001e086920650 nmethod 147 0x000001e0eb0e1990 code [0x000001e0eb0e1b80, 0x000001e0eb0e2028]
Event: 0.207 Thread 0x000001e08691e2d0  149       4       java.lang.String::charAt (25 bytes)
Event: 0.207 Thread 0x000001e086920650  148       1       java.lang.Module::getDescriptor (5 bytes)
Event: 0.207 Thread 0x000001e086920650 nmethod 148 0x000001e0f2b88190 code [0x000001e0f2b88320, 0x000001e0f2b883f8]
Event: 0.207 Thread 0x000001e086920650  150       3       java.lang.StringLatin1::toLowerCase (186 bytes)
Event: 0.207 Thread 0x000001e086920650 nmethod 150 0x000001e0eb0e2210 code [0x000001e0eb0e2480, 0x000001e0eb0e2fd8]
Event: 0.207 Thread 0x000001e086920650  151       3       java.nio.Buffer::scope (17 bytes)
Event: 0.208 Thread 0x000001e08691e2d0 nmethod 149 0x000001e0f2b88490 code [0x000001e0f2b88600, 0x000001e0f2b886d8]
Event: 0.208 Thread 0x000001e086920650 nmethod 151 0x000001e0eb0e3410 code [0x000001e0eb0e35c0, 0x000001e0eb0e3768]
Event: 0.208 Thread 0x000001e086920650  152       3       java.nio.Buffer::checkIndex (22 bytes)
Event: 0.208 Thread 0x000001e086920650 nmethod 152 0x000001e0eb0e3810 code [0x000001e0eb0e39c0, 0x000001e0eb0e3bc8]
Event: 0.208 Thread 0x000001e086920650  153   !   3       java.nio.DirectByteBuffer::get (34 bytes)
Event: 0.208 Thread 0x000001e086920650 nmethod 153 0x000001e0eb0e3c90 code [0x000001e0eb0e3ec0, 0x000001e0eb0e4718]
Event: 0.208 Thread 0x000001e086920650  154       3       java.nio.DirectByteBuffer::ix (10 bytes)
Event: 0.208 Thread 0x000001e086920650 nmethod 154 0x000001e0eb0e4b90 code [0x000001e0eb0e4d20, 0x000001e0eb0e4e38]

GC Heap History (0 events):
No events

Dll operation events (1 events):
Event: 0.010 Loaded shared library C:\Program Files\JetBrains\IntelliJ IDEA 2023.1.4\jbr\bin\java.dll

Deoptimization events (0 events):
No events

Classes unloaded (0 events):
No events

Classes redefined (0 events):
No events

Internal exceptions (0 events):
No events

VM Operations (4 events):
Event: 0.152 Executing VM operation: HandshakeAllThreads
Event: 0.152 Executing VM operation: HandshakeAllThreads done
Event: 0.169 Executing VM operation: HandshakeAllThreads
Event: 0.169 Executing VM operation: HandshakeAllThreads done

Events (20 events):
Event: 0.207 loading class java/util/ServiceLoader$1 done
Event: 0.208 loading class java/util/ServiceLoader$ProviderImpl
Event: 0.208 loading class java/util/ServiceLoader$Provider
Event: 0.208 loading class java/util/ServiceLoader$Provider done
Event: 0.208 loading class java/util/ServiceLoader$ProviderImpl done
Event: 0.208 loading class java/security/InvalidParameterException
Event: 0.208 loading class java/security/InvalidParameterException done
Event: 0.208 loading class java/security/ProviderException
Event: 0.208 loading class java/security/ProviderException done
Event: 0.208 loading class sun/security/util/CurveDB
Event: 0.209 loading class sun/security/util/CurveDB done
Event: 0.209 loading class java/math/BigInteger
Event: 0.210 loading class java/math/BigInteger done
Event: 0.210 loading class java/security/spec/ECFieldFp
Event: 0.210 loading class java/security/spec/ECField
Event: 0.210 loading class java/security/spec/ECField done
Event: 0.210 loading class java/security/spec/ECFieldFp done
Event: 0.210 loading class java/security/spec/EllipticCurve
Event: 0.210 loading class java/security/spec/EllipticCurve done
Event: 0.210 loading class java/security/spec/ECPoint


Dynamic libraries:
0x00007ff655680000 - 0x00007ff65568a000 	C:\Program Files\JetBrains\IntelliJ IDEA 2023.1.4\jbr\bin\java.exe
0x00007fff29ed0000 - 0x00007fff2a0e7000 	C:\WINDOWS\SYSTEM32\ntdll.dll
0x00007fff289e0000 - 0x00007fff28aa4000 	C:\WINDOWS\System32\KERNEL32.DLL
0x00007fff27240000 - 0x00007fff275e6000 	C:\WINDOWS\System32\KERNELBASE.dll
0x00007fff27750000 - 0x00007fff27861000 	C:\WINDOWS\System32\ucrtbase.dll
0x00007ffef1f50000 - 0x00007ffef1f67000 	C:\Program Files\JetBrains\IntelliJ IDEA 2023.1.4\jbr\bin\jli.dll
0x00007fff08870000 - 0x00007fff0888b000 	C:\Program Files\JetBrains\IntelliJ IDEA 2023.1.4\jbr\bin\VCRUNTIME140.dll
0x00007fff28830000 - 0x00007fff289de000 	C:\WINDOWS\System32\USER32.dll
0x00007fff07e40000 - 0x00007fff080d3000 	C:\WINDOWS\WinSxS\amd64_microsoft.windows.common-controls_6595b64144ccf1df_6.0.22621.2506_none_270c5ae97388e100\COMCTL32.dll
0x00007fff27210000 - 0x00007fff27236000 	C:\WINDOWS\System32\win32u.dll
0x00007fff28450000 - 0x00007fff28479000 	C:\WINDOWS\System32\GDI32.dll
0x00007fff29870000 - 0x00007fff29917000 	C:\WINDOWS\System32\msvcrt.dll
0x00007fff27870000 - 0x00007fff27988000 	C:\WINDOWS\System32\gdi32full.dll
0x00007fff27a10000 - 0x00007fff27aaa000 	C:\WINDOWS\System32\msvcp_win.dll
0x00007fff27c20000 - 0x00007fff27c51000 	C:\WINDOWS\System32\IMM32.DLL
0x00007fff1b530000 - 0x00007fff1b53c000 	C:\Program Files\JetBrains\IntelliJ IDEA 2023.1.4\jbr\bin\vcruntime140_1.dll
0x00007ffeee9b0000 - 0x00007ffeeea3d000 	C:\Program Files\JetBrains\IntelliJ IDEA 2023.1.4\jbr\bin\msvcp140.dll
0x00007ffebf0a0000 - 0x00007ffebfd0e000 	C:\Program Files\JetBrains\IntelliJ IDEA 2023.1.4\jbr\bin\server\jvm.dll
0x00007fff297b0000 - 0x00007fff29863000 	C:\WINDOWS\System32\ADVAPI32.dll
0x00007fff29a70000 - 0x00007fff29b18000 	C:\WINDOWS\System32\sechost.dll
0x00007fff275f0000 - 0x00007fff27618000 	C:\WINDOWS\System32\bcrypt.dll
0x00007fff27ce0000 - 0x00007fff27df7000 	C:\WINDOWS\System32\RPCRT4.dll
0x00007fff1e370000 - 0x00007fff1e379000 	C:\WINDOWS\SYSTEM32\WSOCK32.dll
0x00007fff1c940000 - 0x00007fff1c974000 	C:\WINDOWS\SYSTEM32\WINMM.dll
0x00007fff176d0000 - 0x00007fff176da000 	C:\WINDOWS\SYSTEM32\VERSION.dll
0x00007fff27e00000 - 0x00007fff27e71000 	C:\WINDOWS\System32\WS2_32.dll
0x00007fff26220000 - 0x00007fff26238000 	C:\WINDOWS\SYSTEM32\kernel.appcore.dll
0x00007fff1e310000 - 0x00007fff1e31a000 	C:\Program Files\JetBrains\IntelliJ IDEA 2023.1.4\jbr\bin\jimage.dll
0x00007fff24d80000 - 0x00007fff24fb3000 	C:\WINDOWS\SYSTEM32\DBGHELP.DLL
0x00007fff28480000 - 0x00007fff28809000 	C:\WINDOWS\System32\combase.dll
0x00007fff28310000 - 0x00007fff283e7000 	C:\WINDOWS\System32\OLEAUT32.dll
0x00007fff1b8f0000 - 0x00007fff1b922000 	C:\WINDOWS\SYSTEM32\dbgcore.DLL
0x00007fff27990000 - 0x00007fff27a0a000 	C:\WINDOWS\System32\bcryptPrimitives.dll
0x00007fff1b5b0000 - 0x00007fff1b5d5000 	C:\Program Files\JetBrains\IntelliJ IDEA 2023.1.4\jbr\bin\java.dll
0x00007fff1e2f0000 - 0x00007fff1e308000 	C:\Program Files\JetBrains\IntelliJ IDEA 2023.1.4\jbr\bin\zip.dll
0x00007fff28f50000 - 0x00007fff297ab000 	C:\WINDOWS\System32\SHELL32.dll
0x00007fff24fc0000 - 0x00007fff258b6000 	C:\WINDOWS\SYSTEM32\windows.storage.dll
0x00007fff258e0000 - 0x00007fff25a1e000 	C:\WINDOWS\SYSTEM32\wintypes.dll
0x00007fff29d90000 - 0x00007fff29e83000 	C:\WINDOWS\System32\SHCORE.dll
0x00007fff283f0000 - 0x00007fff2844e000 	C:\WINDOWS\System32\shlwapi.dll
0x00007fff27140000 - 0x00007fff27166000 	C:\WINDOWS\SYSTEM32\profapi.dll
0x00007fff19cc0000 - 0x00007fff19cd9000 	C:\Program Files\JetBrains\IntelliJ IDEA 2023.1.4\jbr\bin\net.dll
0x00007fff20f60000 - 0x00007fff21097000 	C:\WINDOWS\SYSTEM32\WINHTTP.dll
0x00007fff266d0000 - 0x00007fff26739000 	C:\WINDOWS\system32\mswsock.dll
0x00007fff17350000 - 0x00007fff17366000 	C:\Program Files\JetBrains\IntelliJ IDEA 2023.1.4\jbr\bin\nio.dll

dbghelp: loaded successfully - version: 4.0.5 - missing functions: none
symbol engine: initialized successfully - sym options: 0x614 - pdb path: .;C:\Program Files\JetBrains\IntelliJ IDEA 2023.1.4\jbr\bin;C:\WINDOWS\SYSTEM32;C:\WINDOWS\WinSxS\amd64_microsoft.windows.common-controls_6595b64144ccf1df_6.0.22621.2506_none_270c5ae97388e100;C:\Program Files\JetBrains\IntelliJ IDEA 2023.1.4\jbr\bin\server

VM Arguments:
java_command: git4idea.http.GitAskPassApp Username for 'https://github.com': 
java_class_path (initial): C:/Program Files/JetBrains/IntelliJ IDEA 2023.1.4/plugins/vcs-git/lib/git4idea-rt.jar;C:/Program Files/JetBrains/IntelliJ IDEA 2023.1.4/lib/externalProcess-rt.jar
Launcher Type: SUN_STANDARD

[Global flags]
     intx CICompilerCount                          = 4                                         {product} {ergonomic}
     uint ConcGCThreads                            = 3                                         {product} {ergonomic}
     uint G1ConcRefinementThreads                  = 10                                        {product} {ergonomic}
   size_t G1HeapRegionSize                         = 2097152                                   {product} {ergonomic}
    uintx GCDrainStackTargetSize                   = 64                                        {product} {ergonomic}
   size_t InitialHeapSize                          = 264241152                                 {product} {ergonomic}
   size_t MarkStackSize                            = 4194304                                   {product} {ergonomic}
   size_t MaxHeapSize                              = 4221566976                                {product} {ergonomic}
   size_t MaxNewSize                               = 2531262464                                {product} {ergonomic}
   size_t MinHeapDeltaBytes                        = 2097152                                   {product} {ergonomic}
   size_t MinHeapSize                              = 8388608                                   {product} {ergonomic}
    uintx NonNMethodCodeHeapSize                   = 5839372                                {pd product} {ergonomic}
    uintx NonProfiledCodeHeapSize                  = 122909434                              {pd product} {ergonomic}
    uintx ProfiledCodeHeapSize                     = 122909434                              {pd product} {ergonomic}
    uintx ReservedCodeCacheSize                    = 251658240                              {pd product} {ergonomic}
     bool SegmentedCodeCache                       = true                                      {product} {ergonomic}
   size_t SoftMaxHeapSize                          = 4221566976                             {manageable} {ergonomic}
     bool UseCompressedClassPointers               = true                           {product lp64_product} {ergonomic}
     bool UseCompressedOops                        = true                           {product lp64_product} {ergonomic}
     bool UseG1GC                                  = true                                      {product} {ergonomic}
     bool UseLargePagesIndividualAllocation        = false                                  {pd product} {ergonomic}

Logging:
Log output configuration:
 #0: stdout all=warning uptime,level,tags
 #1: stderr all=off uptime,level,tags

Environment Variables:
PATH=C:\Program Files\Git\mingw64\libexec\git-core;C:\Program Files\Git\mingw64\libexec\git-core;C:\Program Files\Git\mingw64\bin;C:\Program Files\Git\usr\bin;C:\Users\PC\bin;C:\Program Files\Common Files\Oracle\Java\javapath;C:\WINDOWS\system32;C:\WINDOWS;C:\WINDOWS\System32\Wbem;C:\WINDOWS\System32\WindowsPowerShell\v1.0;C:\WINDOWS\System32\OpenSSH;C:\Program Files\nodejs;C:\Program Files\Java\jdk-11\bin;C:\Program Files\Docker\Docker\resources\bin;C:\Program Files\Git\cmd;C:\Program Files\MySQL\MySQL Shell 8.0\bin;C:\Users\PC\AppData\Local\Microsoft\WindowsApps;C:\Users\PC\AppData\Local\Programs\Microsoft VS Code\bin;C:\Program Files\JetBrains\IntelliJ IDEA 2023.1.4\bin;C:\Users\PC\AppData\Roaming\npm;C:\Users\PC\AppData\Local\afreeca
USERNAME=PC
DISPLAY=:0.0
LC_ALL=en_US.UTF-8
TERM=xterm-256color
TMPDIR=C:\Users\PC\AppData\Local\Temp
OS=Windows_NT
PROCESSOR_IDENTIFIER=Intel64 Family 6 Model 154 Stepping 4, GenuineIntel
TMP=C:\Users\PC\AppData\Local\Temp
TEMP=C:\Users\PC\AppData\Local\Temp


JNI global refs:
JNI global refs: 9, weak refs: 0

JNI global refs memory usage: 843, weak refs: 209


---------------  S Y S T E M  ---------------

OS:
 Windows 11 , 64 bit Build 22621 (10.0.22621.3085)
OS uptime: 5 days 5:04 hours
Hyper-V role detected

CPU: total 12 (initial active 12) (6 cores per cpu, 2 threads per core) family 6 model 154 stepping 4 microcode 0x423, cx8, cmov, fxsr, ht, mmx, 3dnowpref, sse, sse2, sse3, ssse3, sse4.1, sse4.2, popcnt, lzcnt, tsc, tscinvbit, avx, avx2, aes, erms, clmul, bmi1, bmi2, adx, sha, fma, vzeroupper, clflush, clflushopt, clwb, hv

Memory: 4k page, system-wide physical 16098M (3361M free)
TotalPageFile size 18146M (AvailPageFile size 3M)
current process WorkingSet (physical memory assigned to process): 37M, peak: 37M
current process commit charge ("private bytes"): 340M, peak: 340M

vm_info: OpenJDK 64-Bit Server VM (17.0.7+10-b829.16) for windows-amd64 JRE (17.0.7+10-b829.16), built on 2023-06-02 by "builduser" with MS VC++ 16.10 / 16.11 (VS2019)

END.
